<?xml version="1.0" encoding="UTF-8"?>
<testsuite name="MainKtTest" tests="1" skipped="0" failures="0" errors="0" timestamp="2022-12-12T05:19:33" hostname="kheynov-mac.local" time="0.01">
  <properties/>
  <testcase name="BCD to binary()" classname="MainKtTest" time="0.01"/>
  <system-out><![CDATA[]]></system-out>
  <system-err><![CDATA[]]></system-err>
</testsuite>
